# JRE version: Java(TM) SE Runtime Environment (21.0.4+8) (build 21.0.4+8-LTS-274)
# Java VM: Java HotSpot(TM) 64-Bit Server VM (21.0.4+8-LTS-274, mixed mode, sharing, tiered, compressed oops, compressed class ptrs, g1 gc, windows-amd64)
GC Precious Log:
 CardTable entry size: 512
 Card Set container configuration: InlinePtr #cards 4 size 8 Array Of Cards #cards 16 size 48 Howl #buckets 8 coarsen threshold 3686 Howl Bitmap #cards 512 size 80 coarsen threshold 460 Card regions per heap region 1 cards per card region 4096
 CPUs: 6 total, 6 available
 Memory: 32703M
 Large Page Support: Disabled
 NUMA Support: Disabled
 Compressed Oops: Enabled (Zero based)
 Heap Region Size: 2M
 Heap Min Capacity: 8M
 Heap Initial Capacity: 512M
 Heap Max Capacity: 4G
 Pre-touch: Disabled
 Parallel Workers: 6
 Concurrent Workers: 2
 Concurrent Refinement Workers: 6
 Periodic GC: Disabled
Heap:
 garbage-first heap   total 729088K, used 339659K [0x0000000700000000, 0x0000000800000000)
  region size 2048K, 43 young (88064K), 10 survivors (20480K)
 Metaspace       used 71670K, committed 73856K, reserved 1114112K
  class space    used 10145K, committed 11200K, reserved 1048576K
GC Heap History (20 events):
Event: 16.027 GC heap before
{Heap before GC invocations=38 (full 0):
 garbage-first heap   total 495616K, used 421392K [0x0000000700000000, 0x0000000800000000)
  region size 2048K, 80 young (163840K), 5 survivors (10240K)
 Metaspace       used 71139K, committed 73344K, reserved 1114112K
  class space    used 10109K, committed 11200K, reserved 1048576K
}
Event: 16.030 GC heap after
{Heap after GC invocations=39 (full 0):
 garbage-first heap   total 495616K, used 269786K [0x0000000700000000, 0x0000000800000000)
  region size 2048K, 6 young (12288K), 6 survivors (12288K)
 Metaspace       used 71139K, committed 73344K, reserved 1114112K
  class space    used 10109K, committed 11200K, reserved 1048576K
}
Event: 16.357 GC heap before
{Heap before GC invocations=40 (full 0):
 garbage-first heap   total 495616K, used 404954K [0x0000000700000000, 0x0000000800000000)
  region size 2048K, 86 young (176128K), 6 survivors (12288K)
 Metaspace       used 71225K, committed 73472K, reserved 1114112K
  class space    used 10118K, committed 11200K, reserved 1048576K
}
Event: 16.364 GC heap after
{Heap after GC invocations=41 (full 0):
 garbage-first heap   total 495616K, used 264855K [0x0000000700000000, 0x0000000800000000)
  region size 2048K, 11 young (22528K), 11 survivors (22528K)
 Metaspace       used 71225K, committed 73472K, reserved 1114112K
  class space    used 10118K, committed 11200K, reserved 1048576K
}
Event: 16.546 GC heap before
{Heap before GC invocations=41 (full 0):
 garbage-first heap   total 495616K, used 426647K [0x0000000700000000, 0x0000000800000000)
  region size 2048K, 90 young (184320K), 11 survivors (22528K)
 Metaspace       used 71225K, committed 73472K, reserved 1114112K
  class space    used 10118K, committed 11200K, reserved 1048576K
}
Event: 16.561 GC heap after
{Heap after GC invocations=42 (full 0):
 garbage-first heap   total 595968K, used 249596K [0x0000000700000000, 0x0000000800000000)
  region size 2048K, 12 young (24576K), 12 survivors (24576K)
 Metaspace       used 71225K, committed 73472K, reserved 1114112K
  class space    used 10118K, committed 11200K, reserved 1048576K
}
Event: 17.172 GC heap before
{Heap before GC invocations=42 (full 0):
 garbage-first heap   total 595968K, used 501500K [0x0000000700000000, 0x0000000800000000)
  region size 2048K, 135 young (276480K), 12 survivors (24576K)
 Metaspace       used 71580K, committed 73792K, reserved 1114112K
  class space    used 10139K, committed 11200K, reserved 1048576K
}
Event: 17.193 GC heap after
{Heap after GC invocations=43 (full 0):
 garbage-first heap   total 595968K, used 278528K [0x0000000700000000, 0x0000000800000000)
  region size 2048K, 17 young (34816K), 17 survivors (34816K)
 Metaspace       used 71580K, committed 73792K, reserved 1114112K
  class space    used 10139K, committed 11200K, reserved 1048576K
}
Event: 17.521 GC heap before
{Heap before GC invocations=43 (full 0):
 garbage-first heap   total 595968K, used 501760K [0x0000000700000000, 0x0000000800000000)
  region size 2048K, 126 young (258048K), 17 survivors (34816K)
 Metaspace       used 71610K, committed 73792K, reserved 1114112K
  class space    used 10139K, committed 11200K, reserved 1048576K
}
Event: 17.530 GC heap after
{Heap after GC invocations=44 (full 0):
 garbage-first heap   total 595968K, used 284672K [0x0000000700000000, 0x0000000800000000)
  region size 2048K, 4 young (8192K), 4 survivors (8192K)
 Metaspace       used 71610K, committed 73792K, reserved 1114112K
  class space    used 10139K, committed 11200K, reserved 1048576K
}
Event: 17.817 GC heap before
{Heap before GC invocations=44 (full 0):
 garbage-first heap   total 595968K, used 516096K [0x0000000700000000, 0x0000000800000000)
  region size 2048K, 117 young (239616K), 4 survivors (8192K)
 Metaspace       used 71617K, committed 73792K, reserved 1114112K
  class space    used 10139K, committed 11200K, reserved 1048576K
}
Event: 17.819 GC heap after
{Heap after GC invocations=45 (full 0):
 garbage-first heap   total 595968K, used 283648K [0x0000000700000000, 0x0000000800000000)
  region size 2048K, 3 young (6144K), 3 survivors (6144K)
 Metaspace       used 71617K, committed 73792K, reserved 1114112K
  class space    used 10139K, committed 11200K, reserved 1048576K
}
Event: 18.105 GC heap before
{Heap before GC invocations=45 (full 0):
 garbage-first heap   total 595968K, used 529408K [0x0000000700000000, 0x0000000800000000)
  region size 2048K, 123 young (251904K), 3 survivors (6144K)
 Metaspace       used 71622K, committed 73856K, reserved 1114112K
  class space    used 10139K, committed 11200K, reserved 1048576K
}
Event: 18.107 GC heap after
{Heap after GC invocations=46 (full 0):
 garbage-first heap   total 595968K, used 286351K [0x0000000700000000, 0x0000000800000000)
  region size 2048K, 5 young (10240K), 5 survivors (10240K)
 Metaspace       used 71622K, committed 73856K, reserved 1114112K
  class space    used 10139K, committed 11200K, reserved 1048576K
}
Event: 18.518 GC heap before
{Heap before GC invocations=47 (full 0):
 garbage-first heap   total 595968K, used 536207K [0x0000000700000000, 0x0000000800000000)
  region size 2048K, 128 young (262144K), 5 survivors (10240K)
 Metaspace       used 71666K, committed 73856K, reserved 1114112K
  class space    used 10145K, committed 11200K, reserved 1048576K
}
Event: 18.521 GC heap after
{Heap after GC invocations=48 (full 0):
 garbage-first heap   total 595968K, used 290052K [0x0000000700000000, 0x0000000800000000)
  region size 2048K, 7 young (14336K), 7 survivors (14336K)
 Metaspace       used 71666K, committed 73856K, reserved 1114112K
  class space    used 10145K, committed 11200K, reserved 1048576K
}
Event: 18.862 GC heap before
{Heap before GC invocations=48 (full 0):
 garbage-first heap   total 595968K, used 546052K [0x0000000700000000, 0x0000000800000000)
  region size 2048K, 132 young (270336K), 7 survivors (14336K)
 Metaspace       used 71670K, committed 73856K, reserved 1114112K
  class space    used 10145K, committed 11200K, reserved 1048576K
}
Event: 18.870 GC heap after
{Heap after GC invocations=49 (full 0):
 garbage-first heap   total 595968K, used 278632K [0x0000000700000000, 0x0000000800000000)
  region size 2048K, 8 young (16384K), 8 survivors (16384K)
 Metaspace       used 71670K, committed 73856K, reserved 1114112K
  class space    used 10145K, committed 11200K, reserved 1048576K
}
Event: 19.172 GC heap before
{Heap before GC invocations=49 (full 0):
 garbage-first heap   total 595968K, used 544872K [0x0000000700000000, 0x0000000800000000)
  region size 2048K, 138 young (282624K), 8 survivors (16384K)
 Metaspace       used 71670K, committed 73856K, reserved 1114112K
  class space    used 10145K, committed 11200K, reserved 1048576K
}
Event: 19.176 GC heap after
{Heap after GC invocations=50 (full 0):
 garbage-first heap   total 729088K, used 282315K [0x0000000700000000, 0x0000000800000000)
  region size 2048K, 10 young (20480K), 10 survivors (20480K)
 Metaspace       used 71670K, committed 73856K, reserved 1114112K
  class space    used 10145K, committed 11200K, reserved 1048576K
}

